[32m2023-10-09 08:48:26 +0200[0m - dagster - [34mDEBUG[0m - __ASSET_JOB - 77c32b9f-7ecf-402b-983f-1d621d68c96f - 254591 - LOGS_CAPTURED - Started capturing logs in process (pid: 254591).
[32m2023-10-09 08:48:26 +0200[0m - dagster - [34mDEBUG[0m - __ASSET_JOB - 77c32b9f-7ecf-402b-983f-1d621d68c96f - 254591 - upload_income_stmt - STEP_START - Started execution of step "upload_income_stmt".
/home/chris/code/affinitypropagation/valuationhub/valuationhub/assets.py:107: DtypeWarning: Columns (7) have mixed types. Specify dtype option on import or set low_memory=False.
  data = pd.read_csv(
Progress merge:   0%|[38;2;0;209;17m                                                        [0m| 0/10 [00:00<?, ?it/s][0mProgress merge:  10%|[38;2;0;209;17mâ–ˆâ–ˆâ–ˆâ–ˆâ–Š                                           [0m| 1/10 [00:00<00:03,  2.45it/s][0mProgress merge:  20%|[38;2;0;209;17mâ–ˆâ–ˆâ–ˆâ–ˆâ–ˆâ–ˆâ–ˆâ–ˆâ–ˆâ–Œ                                      [0m| 2/10 [00:00<00:02,  2.72it/s][0mProgress merge:  30%|[38;2;0;209;17mâ–ˆâ–ˆâ–ˆâ–ˆâ–ˆâ–ˆâ–ˆâ–ˆâ–ˆâ–ˆâ–ˆâ–ˆâ–ˆâ–ˆâ–                                 [0m| 3/10 [00:01<00:02,  2.76it/s][0mProgress merge:  40%|[38;2;0;209;17mâ–ˆâ–ˆâ–ˆâ–ˆâ–ˆâ–ˆâ–ˆâ–ˆâ–ˆâ–ˆâ–ˆâ–ˆâ–ˆâ–ˆâ–ˆâ–ˆâ–ˆâ–ˆâ–ˆâ–                            [0m| 4/10 [00:01<00:02,  2.81it/s][0mProgress merge:  50%|[38;2;0;209;17mâ–ˆâ–ˆâ–ˆâ–ˆâ–ˆâ–ˆâ–ˆâ–ˆâ–ˆâ–ˆâ–ˆâ–ˆâ–ˆâ–ˆâ–ˆâ–ˆâ–ˆâ–ˆâ–ˆâ–ˆâ–ˆâ–ˆâ–ˆâ–ˆ                        [0m| 5/10 [00:01<00:01,  2.63it/s][0mProgress merge:  60%|[38;2;0;209;17mâ–ˆâ–ˆâ–ˆâ–ˆâ–ˆâ–ˆâ–ˆâ–ˆâ–ˆâ–ˆâ–ˆâ–ˆâ–ˆâ–ˆâ–ˆâ–ˆâ–ˆâ–ˆâ–ˆâ–ˆâ–ˆâ–ˆâ–ˆâ–ˆâ–ˆâ–ˆâ–ˆâ–ˆâ–Š                   [0m| 6/10 [00:02<00:01,  2.67it/s][0mProgress merge:  70%|[38;2;0;209;17mâ–ˆâ–ˆâ–ˆâ–ˆâ–ˆâ–ˆâ–ˆâ–ˆâ–ˆâ–ˆâ–ˆâ–ˆâ–ˆâ–ˆâ–ˆâ–ˆâ–ˆâ–ˆâ–ˆâ–ˆâ–ˆâ–ˆâ–ˆâ–ˆâ–ˆâ–ˆâ–ˆâ–ˆâ–ˆâ–ˆâ–ˆâ–ˆâ–ˆâ–Œ              [0m| 7/10 [00:02<00:01,  2.61it/s][0mProgress merge:  80%|[38;2;0;209;17mâ–ˆâ–ˆâ–ˆâ–ˆâ–ˆâ–ˆâ–ˆâ–ˆâ–ˆâ–ˆâ–ˆâ–ˆâ–ˆâ–ˆâ–ˆâ–ˆâ–ˆâ–ˆâ–ˆâ–ˆâ–ˆâ–ˆâ–ˆâ–ˆâ–ˆâ–ˆâ–ˆâ–ˆâ–ˆâ–ˆâ–ˆâ–ˆâ–ˆâ–ˆâ–ˆâ–ˆâ–ˆâ–ˆâ–         [0m| 8/10 [00:03<00:00,  2.47it/s][0mProgress merge:  90%|[38;2;0;209;17mâ–ˆâ–ˆâ–ˆâ–ˆâ–ˆâ–ˆâ–ˆâ–ˆâ–ˆâ–ˆâ–ˆâ–ˆâ–ˆâ–ˆâ–ˆâ–ˆâ–ˆâ–ˆâ–ˆâ–ˆâ–ˆâ–ˆâ–ˆâ–ˆâ–ˆâ–ˆâ–ˆâ–ˆâ–ˆâ–ˆâ–ˆâ–ˆâ–ˆâ–ˆâ–ˆâ–ˆâ–ˆâ–ˆâ–ˆâ–ˆâ–ˆâ–ˆâ–ˆâ–    [0m| 9/10 [00:03<00:00,  2.57it/s][0mProgress merge: 100%|[38;2;0;209;17mâ–ˆâ–ˆâ–ˆâ–ˆâ–ˆâ–ˆâ–ˆâ–ˆâ–ˆâ–ˆâ–ˆâ–ˆâ–ˆâ–ˆâ–ˆâ–ˆâ–ˆâ–ˆâ–ˆâ–ˆâ–ˆâ–ˆâ–ˆâ–ˆâ–ˆâ–ˆâ–ˆâ–ˆâ–ˆâ–ˆâ–ˆâ–ˆâ–ˆâ–ˆâ–ˆâ–ˆâ–ˆâ–ˆâ–ˆâ–ˆâ–ˆâ–ˆâ–ˆâ–ˆâ–ˆâ–ˆâ–ˆ[0m| 10/10 [00:04<00:00,  1.97it/s][0mProgress merge: 100%|[38;2;0;209;17mâ–ˆâ–ˆâ–ˆâ–ˆâ–ˆâ–ˆâ–ˆâ–ˆâ–ˆâ–ˆâ–ˆâ–ˆâ–ˆâ–ˆâ–ˆâ–ˆâ–ˆâ–ˆâ–ˆâ–ˆâ–ˆâ–ˆâ–ˆâ–ˆâ–ˆâ–ˆâ–ˆâ–ˆâ–ˆâ–ˆâ–ˆâ–ˆâ–ˆâ–ˆâ–ˆâ–ˆâ–ˆâ–ˆâ–ˆâ–ˆâ–ˆâ–ˆâ–ˆâ–ˆâ–ˆâ–ˆâ–ˆ[0m| 10/10 [00:04<00:00,  2.37it/s][0m
[32m2023-10-09 08:48:32 +0200[0m - dagster - [34mERROR[0m - [31m__ASSET_JOB - 77c32b9f-7ecf-402b-983f-1d621d68c96f - 254591 - upload_income_stmt - STEP_FAILURE - Execution of step "upload_income_stmt" failed.

dagster._core.errors.DagsterExecutionStepExecutionError: Error occurred while executing op "upload_income_stmt"::

TypeError: expected bytes, Timestamp found

Stack Trace:
  File "/home/chris/.pyenv/versions/3.11.4/lib/python3.11/site-packages/dagster/_core/execution/plan/utils.py", line 54, in op_execution_error_boundary
    yield
  File "/home/chris/.pyenv/versions/3.11.4/lib/python3.11/site-packages/dagster/_utils/__init__.py", line 443, in iterate_with_context
    next_output = next(iterator)
                  ^^^^^^^^^^^^^^
  File "/home/chris/.pyenv/versions/3.11.4/lib/python3.11/site-packages/dagster/_core/execution/plan/compute_generator.py", line 136, in _coerce_op_compute_fn_to_iterator
    result = invoke_compute_fn(
             ^^^^^^^^^^^^^^^^^^
  File "/home/chris/.pyenv/versions/3.11.4/lib/python3.11/site-packages/dagster/_core/execution/plan/compute_generator.py", line 130, in invoke_compute_fn
    return fn(context, **args_to_pass) if context_arg_provided else fn(**args_to_pass)
                                                                    ^^^^^^^^^^^^^^^^^^
  File "/home/chris/code/affinitypropagation/valuationhub/valuationhub/assets.py", line 146, in upload_income_stmt
    to_gbq(
  File "/home/chris/.pyenv/versions/3.11.4/lib/python3.11/site-packages/pandas_gbq/gbq.py", line 1220, in to_gbq
    connector.load_data(
  File "/home/chris/.pyenv/versions/3.11.4/lib/python3.11/site-packages/pandas_gbq/gbq.py", line 602, in load_data
    chunks = load.load_chunks(
             ^^^^^^^^^^^^^^^^^
  File "/home/chris/.pyenv/versions/3.11.4/lib/python3.11/site-packages/pandas_gbq/load.py", line 243, in load_chunks
    load_parquet(
  File "/home/chris/.pyenv/versions/3.11.4/lib/python3.11/site-packages/pandas_gbq/load.py", line 131, in load_parquet
    client.load_table_from_dataframe(
  File "/home/chris/.pyenv/versions/3.11.4/lib/python3.11/site-packages/google/cloud/bigquery/client.py", line 2705, in load_table_from_dataframe
    _pandas_helpers.dataframe_to_parquet(
  File "/home/chris/.pyenv/versions/3.11.4/lib/python3.11/site-packages/google/cloud/bigquery/_pandas_helpers.py", line 719, in dataframe_to_parquet
    arrow_table = dataframe_to_arrow(dataframe, bq_schema)
                  ^^^^^^^^^^^^^^^^^^^^^^^^^^^^^^^^^^^^^^^^
  File "/home/chris/.pyenv/versions/3.11.4/lib/python3.11/site-packages/google/cloud/bigquery/_pandas_helpers.py", line 664, in dataframe_to_arrow
    arrow_fields.append(bq_to_arrow_field(bq_field, arrow_arrays[-1].type))
                        ^^^^^^^^^^^^^^^^^^^^^^^^^^^^^^^^^^^^^^^^^^^^^^^^^^
  File "/home/chris/.pyenv/versions/3.11.4/lib/python3.11/site-packages/google/cloud/bigquery/_pandas_helpers.py", line 263, in bq_to_arrow_field
    return pyarrow.field(
           ^^^^^^^^^^^^^^
  File "pyarrow/types.pxi", line 3224, in pyarrow.lib.field
  File "stringsource", line 15, in string.from_py.__pyx_convert_string_from_py_std__in_string
[0m
